XTERM DEBUG LOG
=================
PTY spawned successfully
RENDER FRAME LENGTH: 0
RENDER FRAME: ""
PTY DATA: "\u001b[1m\u001b[7m%\u001b[27m\u001b[1m\u001b[0m                                                                                                                   \r \r"
SERIALIZED LENGTH: 122
SERIALIZED CONTENT: "                                                                                                                    \u001b[116D"
RENDER FRAME LENGTH: 122
RENDER FRAME: "                                                                                                                    \u001b[116D"
PTY DATA: "\r\u001b[0m\u001b[27m\u001b[24m\u001b[J\u001b[36m~/Documents/Code/sragss/termster\u001b[39m\u001b[33m (sragss/xterm)\u001b[39m % \u001b[K\u001b[?2004h"
SERIALIZED LENGTH: 72
SERIALIZED CONTENT: "\u001b[36m~/Documents/Code/sragss/termster\u001b[33m (sragss/xterm)\u001b[0m % \u001b[?2004h"
RENDER FRAME: "\u001b[36m~/Documents/Code/sragss/termster\u001b[33m (sragss/xterm)\u001b[0m % \u001b[?2004h"
RENDER FRAME LENGTH: 72
INPUT: {"input":"l","key":{"upArrow":false,"downArrow":false,"leftArrow":false,"rightArrow":false,"pageDown":false,"pageUp":false,"return":false,"escape":false,"ctrl":false,"shift":false,"tab":false,"backspace":false,"delete":false,"meta":false}}
PTY DATA: "l"
SERIALIZED LENGTH: 73
SERIALIZED CONTENT: "\u001b[36m~/Documents/Code/sragss/termster\u001b[33m (sragss/xterm)\u001b[0m % l\u001b[?2004h"
RENDER FRAME LENGTH: 73
RENDER FRAME: "\u001b[36m~/Documents/Code/sragss/termster\u001b[33m (sragss/xterm)\u001b[0m % l\u001b[?2004h"
INPUT: {"input":"a","key":{"upArrow":false,"downArrow":false,"leftArrow":false,"rightArrow":false,"pageDown":false,"pageUp":false,"return":false,"escape":false,"ctrl":false,"shift":false,"tab":false,"backspace":false,"delete":false,"meta":false}}
PTY DATA: "\bla"
SERIALIZED LENGTH: 74
SERIALIZED CONTENT: "\u001b[36m~/Documents/Code/sragss/termster\u001b[33m (sragss/xterm)\u001b[0m % la\u001b[?2004h"
RENDER FRAME: "\u001b[36m~/Documents/Code/sragss/termster\u001b[33m (sragss/xterm)\u001b[0m % la\u001b[?2004h"
RENDER FRAME LENGTH: 74
INPUT: {"input":"a","key":{"upArrow":false,"downArrow":false,"leftArrow":false,"rightArrow":false,"pageDown":false,"pageUp":false,"return":false,"escape":false,"ctrl":false,"shift":false,"tab":false,"backspace":false,"delete":false,"meta":false}}
PTY DATA: "a"
SERIALIZED LENGTH: 75
SERIALIZED CONTENT: "\u001b[36m~/Documents/Code/sragss/termster\u001b[33m (sragss/xterm)\u001b[0m % laa\u001b[?2004h"
RENDER FRAME LENGTH: 75
RENDER FRAME: "\u001b[36m~/Documents/Code/sragss/termster\u001b[33m (sragss/xterm)\u001b[0m % laa\u001b[?2004h"
INPUT: {"input":"a","key":{"upArrow":false,"downArrow":false,"leftArrow":false,"rightArrow":false,"pageDown":false,"pageUp":false,"return":false,"escape":false,"ctrl":false,"shift":false,"tab":false,"backspace":false,"delete":false,"meta":false}}
PTY DATA: "a"
SERIALIZED LENGTH: 76
SERIALIZED CONTENT: "\u001b[36m~/Documents/Code/sragss/termster\u001b[33m (sragss/xterm)\u001b[0m % laaa\u001b[?2004h"
RENDER FRAME LENGTH: 76
RENDER FRAME: "\u001b[36m~/Documents/Code/sragss/termster\u001b[33m (sragss/xterm)\u001b[0m % laaa\u001b[?2004h"
INPUT: {"input":"a","key":{"upArrow":false,"downArrow":false,"leftArrow":false,"rightArrow":false,"pageDown":false,"pageUp":false,"return":false,"escape":false,"ctrl":false,"shift":false,"tab":false,"backspace":false,"delete":false,"meta":false}}
PTY DATA: "a"
SERIALIZED LENGTH: 77
SERIALIZED CONTENT: "\u001b[36m~/Documents/Code/sragss/termster\u001b[33m (sragss/xterm)\u001b[0m % laaaa\u001b[?2004h"
RENDER FRAME LENGTH: 77
RENDER FRAME: "\u001b[36m~/Documents/Code/sragss/termster\u001b[33m (sragss/xterm)\u001b[0m % laaaa\u001b[?2004h"
INPUT: {"input":"a","key":{"upArrow":false,"downArrow":false,"leftArrow":false,"rightArrow":false,"pageDown":false,"pageUp":false,"return":false,"escape":false,"ctrl":false,"shift":false,"tab":false,"backspace":false,"delete":false,"meta":false}}
PTY DATA: "a"
SERIALIZED LENGTH: 78
SERIALIZED CONTENT: "\u001b[36m~/Documents/Code/sragss/termster\u001b[33m (sragss/xterm)\u001b[0m % laaaaa\u001b[?2004h"
RENDER FRAME: "\u001b[36m~/Documents/Code/sragss/termster\u001b[33m (sragss/xterm)\u001b[0m % laaaaa\u001b[?2004h"
RENDER FRAME LENGTH: 78
INPUT: {"input":"a","key":{"upArrow":false,"downArrow":false,"leftArrow":false,"rightArrow":false,"pageDown":false,"pageUp":false,"return":false,"escape":false,"ctrl":false,"shift":false,"tab":false,"backspace":false,"delete":false,"meta":false}}
PTY DATA: "a"
SERIALIZED LENGTH: 79
SERIALIZED CONTENT: "\u001b[36m~/Documents/Code/sragss/termster\u001b[33m (sragss/xterm)\u001b[0m % laaaaaa\u001b[?2004h"
RENDER FRAME LENGTH: 79
RENDER FRAME: "\u001b[36m~/Documents/Code/sragss/termster\u001b[33m (sragss/xterm)\u001b[0m % laaaaaa\u001b[?2004h"
INPUT: {"input":"a","key":{"upArrow":false,"downArrow":false,"leftArrow":false,"rightArrow":false,"pageDown":false,"pageUp":false,"return":false,"escape":false,"ctrl":false,"shift":false,"tab":false,"backspace":false,"delete":false,"meta":false}}
PTY DATA: "a"
SERIALIZED LENGTH: 80
SERIALIZED CONTENT: "\u001b[36m~/Documents/Code/sragss/termster\u001b[33m (sragss/xterm)\u001b[0m % laaaaaaa\u001b[?2004h"
RENDER FRAME LENGTH: 80
RENDER FRAME: "\u001b[36m~/Documents/Code/sragss/termster\u001b[33m (sragss/xterm)\u001b[0m % laaaaaaa\u001b[?2004h"
INPUT: {"input":"a","key":{"upArrow":false,"downArrow":false,"leftArrow":false,"rightArrow":false,"pageDown":false,"pageUp":false,"return":false,"escape":false,"ctrl":false,"shift":false,"tab":false,"backspace":false,"delete":false,"meta":false}}
PTY DATA: "a"
SERIALIZED LENGTH: 81
SERIALIZED CONTENT: "\u001b[36m~/Documents/Code/sragss/termster\u001b[33m (sragss/xterm)\u001b[0m % laaaaaaaa\u001b[?2004h"
RENDER FRAME LENGTH: 81
RENDER FRAME: "\u001b[36m~/Documents/Code/sragss/termster\u001b[33m (sragss/xterm)\u001b[0m % laaaaaaaa\u001b[?2004h"
INPUT: {"input":"a","key":{"upArrow":false,"downArrow":false,"leftArrow":false,"rightArrow":false,"pageDown":false,"pageUp":false,"return":false,"escape":false,"ctrl":false,"shift":false,"tab":false,"backspace":false,"delete":false,"meta":false}}
PTY DATA: "a"
SERIALIZED LENGTH: 82
SERIALIZED CONTENT: "\u001b[36m~/Documents/Code/sragss/termster\u001b[33m (sragss/xterm)\u001b[0m % laaaaaaaaa\u001b[?2004h"
RENDER FRAME: "\u001b[36m~/Documents/Code/sragss/termster\u001b[33m (sragss/xterm)\u001b[0m % laaaaaaaaa\u001b[?2004h"
RENDER FRAME LENGTH: 82
